2020-05-15 13:07:23,782 [INFO] Activator:176 - 


2020-05-15 13:07:23,787 [INFO] Activator:177 - !SESSION log4j initialized
2020-05-15 13:07:35,805 [INFO] ApplicationProperties:181 - Using Application install path: C:\ST\STM32CubeIDE_1.2.0\STM32CubeIDE\plugins\com.st.stm32cube.common.mx_5.5.0.201912201511
2020-05-15 13:07:35,855 [INFO] DbMcusXml:69 - Set database path to: C:\ST\STM32CubeIDE_1.2.0\STM32CubeIDE\plugins\com.st.stm32cube.common.mx_5.5.0.201912201511\\db\/mcu/
2020-05-15 13:07:35,868 [INFO] DbBoardsPdsc:54 - Set plugin database path to: C:\ST\STM32CubeIDE_1.2.0\STM32CubeIDE\plugins\com.st.stm32cube.common.mx_5.5.0.201912201511\\db\/plugins/boardmanager/
2020-05-15 13:07:35,869 [INFO] DbMcus:264 - Set plugin images path to: C:\ST\STM32CubeIDE_1.2.0\STM32CubeIDE\plugins\com.st.stm32cube.common.mx_5.5.0.201912201511\\db\/plugins/mcufinder/images/
2020-05-15 13:07:35,870 [INFO] DbBoards:232 - Set plugin images path to: C:\ST\STM32CubeIDE_1.2.0\STM32CubeIDE\plugins\com.st.stm32cube.common.mx_5.5.0.201912201511\\db\/plugins/mcufinder/images/
2020-05-15 13:07:35,875 [INFO] APIGFXSelector:72 - Set database path to: C:\ST\STM32CubeIDE_1.2.0\STM32CubeIDE\plugins\com.st.stm32cube.common.mx_5.5.0.201912201511\\db\/plugins/mcufinder/mcu/
2020-05-15 13:07:35,902 [INFO] DbMcusAds:72 - Set database path to: C:\Users\MohaNeha\.stmcufinder\plugins\mcufinder//mcu/
2020-05-15 13:07:35,905 [INFO] DbMcusDocs:92 - Set database path to: C:\Users\MohaNeha\.stmcufinder\plugins\mcufinder//mcu/
2020-05-15 13:07:35,910 [INFO] DbMcusJson:59 - Set database path to: C:\Users\MohaNeha\.stmcufinder\plugins\mcufinder//mcu/
2020-05-15 13:07:35,926 [INFO] DbBoardsDocs:84 - Set database path to: C:\Users\MohaNeha\.stmcufinder\plugins\mcufinder//mcu/
2020-05-15 13:07:35,930 [INFO] DbBoardsJson:51 - Set database path to: C:\Users\MohaNeha\.stmcufinder\plugins\mcufinder//mcu/
2020-05-15 13:07:36,209 [INFO] CrossReferenceDbSqlite:197 - Set database path to: C:\Users\MohaNeha\.stmcufinder\plugins\mcufinder//mcu/cs/
2020-05-15 13:07:36,577 [INFO] RulesReader:52 - Compatibility file has been processed (205 Rules)
2020-05-15 13:07:37,044 [INFO] MicroXplorer:570 - Detected Java Version = 1.8.0_202
2020-05-15 13:07:37,045 [INFO] DbMcusXml:69 - Set database path to: C:\ST\STM32CubeIDE_1.2.0\STM32CubeIDE\plugins\com.st.stm32cube.common.mx_5.5.0.201912201511\\db\/mcu/
2020-05-15 13:07:37,046 [INFO] DbBoardsPdsc:54 - Set plugin database path to: C:\ST\STM32CubeIDE_1.2.0\STM32CubeIDE\plugins\com.st.stm32cube.common.mx_5.5.0.201912201511\\db\/plugins/boardmanager/
2020-05-15 13:07:37,048 [INFO] DbMcus:264 - Set plugin images path to: C:\ST\STM32CubeIDE_1.2.0\STM32CubeIDE\plugins\com.st.stm32cube.common.mx_5.5.0.201912201511\\db\/plugins/mcufinder/images/
2020-05-15 13:07:37,049 [INFO] DbBoards:232 - Set plugin images path to: C:\ST\STM32CubeIDE_1.2.0\STM32CubeIDE\plugins\com.st.stm32cube.common.mx_5.5.0.201912201511\\db\/plugins/mcufinder/images/
2020-05-15 13:07:37,049 [INFO] APIGFXSelector:72 - Set database path to: C:\ST\STM32CubeIDE_1.2.0\STM32CubeIDE\plugins\com.st.stm32cube.common.mx_5.5.0.201912201511\\db\/plugins/mcufinder/mcu/
2020-05-15 13:07:37,050 [WARN] DbFile:31 - Overriding database path with different value: C:\Users\MohaNeha\.stmcufinder\plugins\mcufinder/ => C:\Users\MohaNeha\.stmcufinder\plugins\mcufinder
2020-05-15 13:07:37,050 [INFO] DbMcusAds:72 - Set database path to: C:\Users\MohaNeha\.stmcufinder\plugins\mcufinder//mcu/
2020-05-15 13:07:37,050 [WARN] DbFile:31 - Overriding database path with different value: C:\Users\MohaNeha\.stmcufinder\plugins\mcufinder/ => C:\Users\MohaNeha\.stmcufinder\plugins\mcufinder
2020-05-15 13:07:37,051 [INFO] DbMcusDocs:92 - Set database path to: C:\Users\MohaNeha\.stmcufinder\plugins\mcufinder//mcu/
2020-05-15 13:07:37,051 [WARN] DbFile:31 - Overriding database path with different value: C:\Users\MohaNeha\.stmcufinder\plugins\mcufinder/ => C:\Users\MohaNeha\.stmcufinder\plugins\mcufinder
2020-05-15 13:07:37,052 [INFO] DbMcusJson:59 - Set database path to: C:\Users\MohaNeha\.stmcufinder\plugins\mcufinder//mcu/
2020-05-15 13:07:37,052 [WARN] DbFile:31 - Overriding database path with different value: C:\Users\MohaNeha\.stmcufinder\plugins\mcufinder/ => C:\Users\MohaNeha\.stmcufinder\plugins\mcufinder
2020-05-15 13:07:37,052 [INFO] DbBoardsDocs:84 - Set database path to: C:\Users\MohaNeha\.stmcufinder\plugins\mcufinder//mcu/
2020-05-15 13:07:37,053 [WARN] DbFile:31 - Overriding database path with different value: C:\Users\MohaNeha\.stmcufinder\plugins\mcufinder/ => C:\Users\MohaNeha\.stmcufinder\plugins\mcufinder
2020-05-15 13:07:37,054 [INFO] DbBoardsJson:51 - Set database path to: C:\Users\MohaNeha\.stmcufinder\plugins\mcufinder//mcu/
2020-05-15 13:07:37,054 [WARN] DbFile:31 - Overriding database path with different value: C:\Users\MohaNeha\.stmcufinder\plugins\mcufinder/ => C:\Users\MohaNeha\.stmcufinder\plugins\mcufinder
2020-05-15 13:07:37,055 [WARN] DbFile:31 - Overriding database path with different value: C:\Users\MohaNeha\.stmcufinder\plugins\mcufinder/ => C:\Users\MohaNeha\.stmcufinder\plugins\mcufinder
2020-05-15 13:07:37,056 [INFO] CrossReferenceDbSqlite:197 - Set database path to: C:\Users\MohaNeha\.stmcufinder\plugins\mcufinder//mcu/cs/
2020-05-15 13:07:37,287 [INFO] MainPanel:180 - HeapMemory: 330301440
2020-05-15 13:07:37,570 [INFO] DbMcusXml:69 - Set database path to: C:\ST\STM32CubeIDE_1.2.0\STM32CubeIDE\plugins\com.st.stm32cube.common.mx_5.5.0.201912201511\\db\/mcu/
2020-05-15 13:07:37,570 [INFO] DbBoardsPdsc:54 - Set plugin database path to: C:\ST\STM32CubeIDE_1.2.0\STM32CubeIDE\plugins\com.st.stm32cube.common.mx_5.5.0.201912201511\\db\/plugins/boardmanager/
2020-05-15 13:07:37,571 [INFO] DbMcus:264 - Set plugin images path to: C:\ST\STM32CubeIDE_1.2.0\STM32CubeIDE\plugins\com.st.stm32cube.common.mx_5.5.0.201912201511\\db\/plugins/mcufinder/images/
2020-05-15 13:07:37,573 [INFO] DbBoards:232 - Set plugin images path to: C:\ST\STM32CubeIDE_1.2.0\STM32CubeIDE\plugins\com.st.stm32cube.common.mx_5.5.0.201912201511\\db\/plugins/mcufinder/images/
2020-05-15 13:07:37,574 [INFO] APIGFXSelector:72 - Set database path to: C:\ST\STM32CubeIDE_1.2.0\STM32CubeIDE\plugins\com.st.stm32cube.common.mx_5.5.0.201912201511\\db\/plugins/mcufinder/mcu/
2020-05-15 13:07:37,576 [WARN] DbFile:31 - Overriding database path with different value: C:\Users\MohaNeha\.stmcufinder\plugins\mcufinder/ => C:\Users\MohaNeha\.stmcufinder\plugins\mcufinder
2020-05-15 13:07:37,576 [INFO] DbMcusAds:72 - Set database path to: C:\Users\MohaNeha\.stmcufinder\plugins\mcufinder//mcu/
2020-05-15 13:07:37,577 [WARN] DbFile:31 - Overriding database path with different value: C:\Users\MohaNeha\.stmcufinder\plugins\mcufinder/ => C:\Users\MohaNeha\.stmcufinder\plugins\mcufinder
2020-05-15 13:07:37,577 [INFO] DbMcusDocs:92 - Set database path to: C:\Users\MohaNeha\.stmcufinder\plugins\mcufinder//mcu/
2020-05-15 13:07:37,577 [WARN] DbFile:31 - Overriding database path with different value: C:\Users\MohaNeha\.stmcufinder\plugins\mcufinder/ => C:\Users\MohaNeha\.stmcufinder\plugins\mcufinder
2020-05-15 13:07:37,578 [INFO] DbMcusJson:59 - Set database path to: C:\Users\MohaNeha\.stmcufinder\plugins\mcufinder//mcu/
2020-05-15 13:07:37,578 [WARN] DbFile:31 - Overriding database path with different value: C:\Users\MohaNeha\.stmcufinder\plugins\mcufinder/ => C:\Users\MohaNeha\.stmcufinder\plugins\mcufinder
2020-05-15 13:07:37,579 [INFO] DbBoardsDocs:84 - Set database path to: C:\Users\MohaNeha\.stmcufinder\plugins\mcufinder//mcu/
2020-05-15 13:07:37,579 [WARN] DbFile:31 - Overriding database path with different value: C:\Users\MohaNeha\.stmcufinder\plugins\mcufinder/ => C:\Users\MohaNeha\.stmcufinder\plugins\mcufinder
2020-05-15 13:07:37,579 [INFO] DbBoardsJson:51 - Set database path to: C:\Users\MohaNeha\.stmcufinder\plugins\mcufinder//mcu/
2020-05-15 13:07:37,580 [WARN] DbFile:31 - Overriding database path with different value: C:\Users\MohaNeha\.stmcufinder\plugins\mcufinder/ => C:\Users\MohaNeha\.stmcufinder\plugins\mcufinder
2020-05-15 13:07:37,580 [WARN] DbFile:31 - Overriding database path with different value: C:\Users\MohaNeha\.stmcufinder\plugins\mcufinder/ => C:\Users\MohaNeha\.stmcufinder\plugins\mcufinder
2020-05-15 13:07:37,581 [INFO] CrossReferenceDbSqlite:197 - Set database path to: C:\Users\MohaNeha\.stmcufinder\plugins\mcufinder//mcu/cs/
2020-05-15 13:07:37,638 [INFO] ApplicationProperties:181 - Using Application install path: C:\ST\STM32CubeIDE_1.2.0\STM32CubeIDE\plugins\com.st.stm32cube.common.mx_5.5.0.201912201511
2020-05-15 13:07:37,644 [INFO] PluginManage:178 - Search for loadable plugins [exclusion list=]
2020-05-15 13:07:37,648 [INFO] PluginManage:292 - Check plugin analytics
2020-05-15 13:07:37,696 [INFO] PluginManage:342 - Loaded plugin analytics (category:tool,tabindex:-1)
2020-05-15 13:07:37,697 [INFO] PluginManage:292 - Check plugin clock
2020-05-15 13:07:37,798 [INFO] PluginManage:342 - Loaded plugin clock (category:base,tabindex:2)
2020-05-15 13:07:37,799 [INFO] PluginManage:292 - Check plugin ddr
2020-05-15 13:07:37,809 [INFO] PluginManage:342 - Loaded plugin ddr (category:tool,tabindex:6)
2020-05-15 13:07:37,809 [INFO] PluginManage:292 - Check plugin filemanager
2020-05-15 13:07:38,140 [INFO] PluginManage:342 - Loaded plugin filemanager (category:base,tabindex:10)
2020-05-15 13:07:38,141 [INFO] PluginManage:292 - Check plugin ipmanager
2020-05-15 13:07:38,172 [INFO] PluginManage:342 - Loaded plugin ipmanager (category:base,tabindex:5)
2020-05-15 13:07:38,172 [INFO] PluginManage:292 - Check plugin pinoutandconfiguration
2020-05-15 13:07:38,243 [INFO] PluginManage:342 - Loaded plugin pinoutandconfiguration (category:base,tabindex:1)
2020-05-15 13:07:38,244 [INFO] PluginManage:292 - Check plugin pinoutconfig
2020-05-15 13:07:38,334 [INFO] PluginManage:342 - Loaded plugin pinoutconfig (category:base,tabindex:0)
2020-05-15 13:07:38,335 [INFO] PluginManage:292 - Check plugin power
2020-05-15 13:07:38,400 [INFO] PluginManage:342 - Loaded plugin power (category:power,tabindex:4)
2020-05-15 13:07:38,400 [INFO] PluginManage:292 - Check plugin projectmanager
2020-05-15 13:07:38,436 [INFO] PluginManage:342 - Loaded plugin projectmanager (category:projectmanager,tabindex:3)
2020-05-15 13:07:38,437 [INFO] PluginManage:292 - Check plugin thirdparty
2020-05-15 13:07:38,661 [INFO] ThirdPartyDb:295 - Open Third Party DataBase File (C:/Users/MohaNeha/.stm32cubemx/plugins/thirdparty/db/thirdparties_db.xml) : 79 ms. number of Sw pack : 11
2020-05-15 13:07:38,700 [INFO] PluginManage:342 - Loaded plugin thirdparty (category:base,tabindex:-1)
2020-05-15 13:07:38,701 [INFO] PluginManage:292 - Check plugin tools
2020-05-15 13:07:38,788 [INFO] PluginManage:342 - Loaded plugin tools (category:base,tabindex:7)
2020-05-15 13:07:38,788 [INFO] PluginManage:292 - Check plugin updater
2020-05-15 13:07:38,817 [INFO] PluginManage:342 - Loaded plugin updater (category:base,tabindex:12)
2020-05-15 13:07:38,819 [INFO] PluginManage:265 - PluginManage : Loaded plugins [12]
2020-05-15 13:07:39,506 [INFO] PinOutPanel:1399 - setPackage(No Configuration,No Configuration)
2020-05-15 13:07:39,875 [INFO] IPUIPlugin:65 - create IPUIPlugin
2020-05-15 13:07:39,876 [INFO] PluginManager:200 - loadIPPluginJar : add adc
2020-05-15 13:07:39,956 [INFO] IPUIPlugin:65 - create IPUIPlugin
2020-05-15 13:07:39,957 [INFO] PluginManager:200 - loadIPPluginJar : add aes
2020-05-15 13:07:40,095 [INFO] IPUIPlugin:65 - create IPUIPlugin
2020-05-15 13:07:40,096 [INFO] PluginManager:200 - loadIPPluginJar : add can
2020-05-15 13:07:40,171 [INFO] IPUIPlugin:65 - create IPUIPlugin
2020-05-15 13:07:40,171 [INFO] PluginManager:200 - loadIPPluginJar : add comp
2020-05-15 13:07:40,260 [INFO] IPUIPlugin:65 - create IPUIPlugin
2020-05-15 13:07:40,261 [INFO] PluginManager:200 - loadIPPluginJar : add cryp
2020-05-15 13:07:40,344 [INFO] IPUIPlugin:65 - create IPUIPlugin
2020-05-15 13:07:40,345 [INFO] PluginManager:200 - loadIPPluginJar : add dfsdm
2020-05-15 13:07:40,383 [INFO] IPUIPlugin:65 - create IPUIPlugin
2020-05-15 13:07:40,385 [INFO] PluginManager:200 - loadIPPluginJar : add dma
2020-05-15 13:07:40,440 [INFO] IPUIPlugin:65 - create IPUIPlugin
2020-05-15 13:07:40,441 [INFO] PluginManager:200 - loadIPPluginJar : add fatfs
2020-05-15 13:07:40,600 [INFO] IPUIPlugin:65 - create IPUIPlugin
2020-05-15 13:07:40,601 [INFO] PluginManager:200 - loadIPPluginJar : add fmc
2020-05-15 13:07:40,640 [INFO] IPUIPlugin:65 - create IPUIPlugin
2020-05-15 13:07:40,643 [INFO] PluginManager:200 - loadIPPluginJar : add freertos
2020-05-15 13:07:40,705 [INFO] IPUIPlugin:65 - create IPUIPlugin
2020-05-15 13:07:40,705 [INFO] PluginManager:200 - loadIPPluginJar : add genericplugin
2020-05-15 13:07:41,002 [INFO] IPUIPlugin:65 - create IPUIPlugin
2020-05-15 13:07:41,003 [INFO] PluginManager:200 - loadIPPluginJar : add gfxmmu
2020-05-15 13:07:41,032 [INFO] IPUIPlugin:65 - create IPUIPlugin
2020-05-15 13:07:41,033 [INFO] PluginManager:200 - loadIPPluginJar : add gfxsimulator
2020-05-15 13:07:41,406 [INFO] IPUIPlugin:65 - create IPUIPlugin
2020-05-15 13:07:41,407 [INFO] PluginManager:200 - loadIPPluginJar : add gic
2020-05-15 13:07:41,440 [INFO] IPUIPlugin:65 - create IPUIPlugin
2020-05-15 13:07:41,441 [INFO] PluginManager:200 - loadIPPluginJar : add gpio
2020-05-15 13:07:41,806 [INFO] IPUIPlugin:65 - create IPUIPlugin
2020-05-15 13:07:41,807 [INFO] PluginManager:200 - loadIPPluginJar : add gtzc
2020-05-15 13:07:41,922 [INFO] IPUIPlugin:65 - create IPUIPlugin
2020-05-15 13:07:41,923 [INFO] PluginManager:200 - loadIPPluginJar : add hash
2020-05-15 13:07:42,093 [INFO] IPUIPlugin:65 - create IPUIPlugin
2020-05-15 13:07:42,094 [INFO] PluginManager:200 - loadIPPluginJar : add i2c
2020-05-15 13:07:42,210 [INFO] IPUIPlugin:65 - create IPUIPlugin
2020-05-15 13:07:42,211 [INFO] PluginManager:200 - loadIPPluginJar : add i2s
2020-05-15 13:07:42,676 [INFO] IPUIPlugin:65 - create IPUIPlugin
2020-05-15 13:07:42,676 [INFO] PluginManager:200 - loadIPPluginJar : add ipddr
2020-05-15 13:07:42,777 [INFO] IPUIPlugin:65 - create IPUIPlugin
2020-05-15 13:07:42,778 [INFO] PluginManager:200 - loadIPPluginJar : add ltdc
2020-05-15 13:07:42,807 [INFO] IPUIPlugin:65 - create IPUIPlugin
2020-05-15 13:07:42,808 [INFO] PluginManager:200 - loadIPPluginJar : add mdma
2020-05-15 13:07:42,836 [INFO] IPUIPlugin:65 - create IPUIPlugin
2020-05-15 13:07:42,837 [INFO] PluginManager:200 - loadIPPluginJar : add nvic
2020-05-15 13:07:42,926 [INFO] IPUIPlugin:65 - create IPUIPlugin
2020-05-15 13:07:42,927 [INFO] PluginManager:200 - loadIPPluginJar : add opamp
2020-05-15 13:07:43,039 [INFO] IPUIPlugin:65 - create IPUIPlugin
2020-05-15 13:07:43,039 [INFO] PluginManager:200 - loadIPPluginJar : add pdm2pcm
2020-05-15 13:07:43,077 [INFO] IPUIPlugin:65 - create IPUIPlugin
2020-05-15 13:07:43,086 [INFO] PluginManager:200 - loadIPPluginJar : add plateformsettings
2020-05-15 13:07:43,138 [INFO] IPUIPlugin:65 - create IPUIPlugin
2020-05-15 13:07:43,139 [INFO] PluginManager:200 - loadIPPluginJar : add quadspi
2020-05-15 13:07:43,167 [INFO] IPUIPlugin:65 - create IPUIPlugin
2020-05-15 13:07:43,168 [INFO] PluginManager:200 - loadIPPluginJar : add resmgrutility
2020-05-15 13:07:43,317 [INFO] IPUIPlugin:65 - create IPUIPlugin
2020-05-15 13:07:43,317 [INFO] PluginManager:200 - loadIPPluginJar : add sai
2020-05-15 13:07:43,416 [INFO] IPUIPlugin:65 - create IPUIPlugin
2020-05-15 13:07:43,416 [INFO] PluginManager:200 - loadIPPluginJar : add spi
2020-05-15 13:07:43,501 [INFO] IPUIPlugin:65 - create IPUIPlugin
2020-05-15 13:07:43,501 [INFO] PluginManager:200 - loadIPPluginJar : add stm32_wpan
2020-05-15 13:07:43,568 [INFO] IPUIPlugin:65 - create IPUIPlugin
2020-05-15 13:07:43,569 [INFO] PluginManager:200 - loadIPPluginJar : add tim
2020-05-15 13:07:43,913 [INFO] IPUIPlugin:65 - create IPUIPlugin
2020-05-15 13:07:43,913 [INFO] PluginManager:200 - loadIPPluginJar : add touchsensing
2020-05-15 13:07:43,969 [INFO] IPUIPlugin:65 - create IPUIPlugin
2020-05-15 13:07:43,970 [INFO] PluginManager:200 - loadIPPluginJar : add tracer_emb
2020-05-15 13:07:44,032 [INFO] IPUIPlugin:65 - create IPUIPlugin
2020-05-15 13:07:44,033 [INFO] PluginManager:200 - loadIPPluginJar : add ts
2020-05-15 13:07:44,092 [INFO] IPUIPlugin:65 - create IPUIPlugin
2020-05-15 13:07:44,093 [INFO] PluginManager:200 - loadIPPluginJar : add tsc
2020-05-15 13:07:44,155 [INFO] IPUIPlugin:65 - create IPUIPlugin
2020-05-15 13:07:44,156 [INFO] PluginManager:200 - loadIPPluginJar : add ucpd
2020-05-15 13:07:44,291 [INFO] IPUIPlugin:65 - create IPUIPlugin
2020-05-15 13:07:44,292 [INFO] PluginManager:200 - loadIPPluginJar : add usart
2020-05-15 13:07:45,347 [INFO] BoardConnectionPanel:226 - [DDR PANEL] osNameString: Windows
2020-05-15 13:07:45,844 [INFO] BoardConnectionPanel:3472 - [DDR PANEL] STM32CubeIDE environment
2020-05-15 13:07:45,846 [INFO] MainDdrPanel:103 - [DDR PANEL] GETTER - cubeProgrammerPath is: null
2020-05-15 13:07:46,243 [FATAL] Updater:277 - Updater called before beeing initialized
2020-05-15 13:07:46,831 [FATAL] Updater:277 - Updater called before beeing initialized
2020-05-15 13:07:46,844 [INFO] PinOutPanel:1399 - setPackage(No Configuration,No Configuration)
2020-05-15 13:07:46,845 [FATAL] Updater:277 - Updater called before beeing initialized
2020-05-15 13:07:46,859 [INFO] BoardConnectionPanel:3472 - [DDR PANEL] STM32CubeIDE environment
2020-05-15 13:07:46,861 [INFO] MainDdrPanel:103 - [DDR PANEL] GETTER - cubeProgrammerPath is: C:\ST\STM32CubeIDE_1.2.0\STM32CubeIDE\plugins\com.st.stm32cube.ide.mcu.externaltools.cubeprogrammer.win32_1.1.0.201910081157\tools\bin
2020-05-15 13:07:46,877 [INFO] ProgrammerExecThread:148 - [ProgrammerAPI] CubeProgrammer command construction: C:\ST\STM32CubeIDE_1.2.0\STM32CubeIDE\plugins\com.st.stm32cube.ide.mcu.externaltools.cubeprogrammer.win32_1.1.0.201910081157\tools\bin\STM32_Programmer_CLI.exe -l
2020-05-15 13:07:47,579 [INFO] MainDdrPanel:93 - [DDR PANEL] SETTER - Set cubeProgrammerPath to: C:\ST\STM32CubeIDE_1.2.0\STM32CubeIDE\plugins\com.st.stm32cube.ide.mcu.externaltools.cubeprogrammer.win32_1.1.0.201910081157\tools\bin
2020-05-15 13:07:47,665 [INFO] Updater:886 - Updater Version found : 5.5.0
2020-05-15 13:07:47,715 [FATAL] Updater:277 - Updater called before beeing initialized
2020-05-15 13:07:47,716 [ERROR] IntegrityCheckThread:252 - Cannot obtain thirdParties list 21
2020-05-15 13:07:47,716 [ERROR] IntegrityCheckThread:100 - Unexpected exception IntegrityCheckThread Thread: Updater error
2020-05-15 13:07:47,717 [INFO] ThirdPartyDb:261 - Close Third Party DataBase File (C:/Users/MohaNeha/.stm32cubemx/plugins/thirdparty/db/thirdparties_db.xml)
2020-05-15 13:07:47,718 [INFO] ApplicationProperties:181 - Using Application install path: C:\ST\STM32CubeIDE_1.2.0\STM32CubeIDE\plugins\com.st.stm32cube.common.mx_5.5.0.201912201511
2020-05-15 13:07:48,210 [INFO] MainUpdater:2230 - connection check result : 10
2020-05-15 13:07:48,211 [INFO] MainUpdater:2874 - Updater definition file requires update
2020-05-15 13:07:48,214 [INFO] MainUpdater:236 - Updater Check For Update Now.
2020-05-15 13:07:48,215 [INFO] MicroXplorer:420 - Change Database Version : DB.5.0.50
2020-05-15 13:07:48,253 [INFO] ServerAccessManage:348 - Download File updaters.zip
2020-05-15 13:07:48,382 [INFO] FileExtend:225 - Unzip File : updaters.zip
2020-05-15 13:07:48,382 [INFO] FileExtend:240 - Standard Zip Deflate
2020-05-15 13:07:53,034 [INFO] ServerAccessManage:348 - Download File PacksControlFlags.xml
2020-05-15 13:07:53,160 [INFO] ServerAccessManage:348 - Download File cubemx.pidx
2020-05-15 13:07:53,713 [INFO] LoadServerUpdatesThread:301 - End of LoadServerUpdate Thread
2020-05-15 13:07:53,806 [INFO] CheckServerUpdateThread:92 - End of CheckServer Thread
2020-05-15 13:07:53,910 [INFO] MainUpdater:2230 - connection check result : 10
2020-05-15 13:07:53,912 [INFO] LogOutputStream:76 - [STDOUT_REDIRECT] Successfull proxy connection.
2020-05-15 13:07:54,678 [INFO] McuFinderGlobals:40 - Set McuFinder mode to 2 (CubeIDE integrated)
2020-05-15 13:07:54,705 [INFO] FinderPluginLoader:86 - Searching for filters in installed packs
2020-05-15 13:07:54,709 [INFO] DbMcusXml:107 - Load MCU database from C:\ST\STM32CubeIDE_1.2.0\STM32CubeIDE\plugins\com.st.stm32cube.common.mx_5.5.0.201912201511\\db\/mcu/families.xml
2020-05-15 13:07:58,191 [INFO] DbMcusJson:87 - JSON generation date=Wed Apr 15 07:54:18 CEST 2020 (1586930058)
2020-05-15 13:08:01,279 [INFO] DbMcus:192 - Found 1628 MCUs (1588 are supported by CubeMX, 1588 are visible in CubeMX)
2020-05-15 13:08:01,282 [INFO] ApiDb:158 - Load user favorites file C:\Users\MohaNeha/.stm32cubeide/favorites.mcus.txt: 0 item(s)
2020-05-15 13:08:01,283 [INFO] ApiDb:163 - User favorites MCUs=[]
2020-05-15 13:08:01,283 [INFO] DbMcus:203 - Set 0 / 0 favorites MCUs
2020-05-15 13:08:03,653 [INFO] DbMcusAds:130 - JSON generation date=Thu Apr 30 15:50:56 CEST 2020 (1588254656)
2020-05-15 13:08:03,790 [INFO] ServerAccessManage:348 - Download File 
2020-05-15 13:08:03,799 [INFO] LoadUrlFilesThread:161 - End of LoadServerUrlFiles without Thread
2020-05-15 13:08:03,912 [INFO] McuDetailPanel:181 - Set advertising image to C:/Users/MohaNeha/STM32Cube/Repository/\PR_STM32Cube_GitHub_0320_V1.png
2020-05-15 13:08:05,521 [INFO] ServerAccessManage:348 - Download File mcusDocs.json
2020-05-15 13:08:05,639 [INFO] LoadUrlFilesThread:134 - End of LoadUrlFiles Thread
2020-05-15 13:08:06,587 [INFO] ServerAccessManage:348 - Download File mcusFeaturesAndDescription.json
2020-05-15 13:08:07,581 [INFO] LoadUrlFilesThread:134 - End of LoadUrlFiles Thread
2020-05-15 13:08:07,684 [INFO] ServerAccessManage:348 - Download File mcusAds.json
2020-05-15 13:08:07,718 [INFO] LoadUrlFilesThread:134 - End of LoadUrlFiles Thread
2020-05-15 13:08:07,850 [INFO] ServerAccessManage:348 - Download File boardsDocs.json
2020-05-15 13:08:07,937 [INFO] LoadUrlFilesThread:134 - End of LoadUrlFiles Thread
2020-05-15 13:08:08,051 [INFO] ServerAccessManage:348 - Download File boards.json
2020-05-15 13:08:08,141 [INFO] LoadUrlFilesThread:134 - End of LoadUrlFiles Thread
2020-05-15 13:08:08,299 [INFO] ServerAccessManage:348 - Download File crdb.zip
2020-05-15 13:08:08,439 [INFO] FileExtend:225 - Unzip File : crdb.zip
2020-05-15 13:08:08,444 [INFO] FileExtend:240 - Standard Zip Deflate
2020-05-15 13:08:08,681 [INFO] LoadUrlFilesThread:134 - End of LoadUrlFiles Thread
2020-05-15 13:08:08,696 [INFO] DbMcusDocs:126 - JSON generation date=Thu Apr 16 16:39:08 CEST 2020 (1587047948)
2020-05-15 13:08:09,136 [INFO] DbMcusDocs:61 - Found 563 MCUs documents
2020-05-15 13:08:09,139 [INFO] ApiDb:186 - Save user favorites file C:\Users\MohaNeha/.stm32cubeide/favorites.mcus.txt: 0 item(s)
2020-05-15 13:08:09,140 [INFO] ApiDb:191 - User favorites MCUs=[]
2020-05-15 13:08:09,140 [INFO] DbMcusXml:107 - Load MCU database from C:\ST\STM32CubeIDE_1.2.0\STM32CubeIDE\plugins\com.st.stm32cube.common.mx_5.5.0.201912201511\\db\/mcu/families.xml
2020-05-15 13:08:10,778 [INFO] DbMcusJson:87 - JSON generation date=Thu Apr 30 13:50:56 CEST 2020 (1588247456)
2020-05-15 13:08:12,198 [INFO] DbMcus:192 - Found 1628 MCUs (1588 are supported by CubeMX, 1588 are visible in CubeMX)
2020-05-15 13:08:12,199 [INFO] ApiDb:158 - Load user favorites file C:\Users\MohaNeha/.stm32cubeide/favorites.mcus.txt: 0 item(s)
2020-05-15 13:08:12,199 [INFO] ApiDb:163 - User favorites MCUs=[]
2020-05-15 13:08:12,200 [INFO] DbMcus:203 - Set 0 / 0 favorites MCUs
2020-05-15 13:08:12,637 [INFO] McuFilterPanel:282 - Update 0 favorites MCUs
2020-05-15 13:08:13,335 [INFO] DbBoardsDocs:118 - JSON generation date=Thu Apr 30 13:50:56 CEST 2020 (1588247456)
2020-05-15 13:08:13,392 [INFO] DbBoardsPdsc:92 - Found 21 items
2020-05-15 13:08:13,416 [INFO] DbBoardsPdsc:92 - Found 9 items
2020-05-15 13:08:13,444 [INFO] DbBoardsPdsc:92 - Found 27 items
2020-05-15 13:08:13,463 [INFO] DbBoardsPdsc:92 - Found 1 items
2020-05-15 13:08:13,496 [INFO] DbBoardsPdsc:92 - Found 40 items
2020-05-15 13:08:13,532 [INFO] DbBoardsPdsc:92 - Found 39 items
2020-05-15 13:08:13,555 [INFO] DbBoardsPdsc:92 - Found 2 items
2020-05-15 13:08:13,617 [INFO] DbBoardsPdsc:92 - Found 4 items
2020-05-15 13:08:13,631 [WARN] DbBoardsPdsc:256 - Board STM32H7B3I-DK: unknown feature type=Audio, name=, username=Audio stereo codec with Headphone Amp (CS42L51-CNZ), n=1
2020-05-15 13:08:13,632 [WARN] DbBoardsPdsc:256 - Board STM32H7B3I-DK: unknown feature type=WIFI, name=, username=WIFI 802.11 b/g/n, n=1
2020-05-15 13:08:13,636 [WARN] DbBoardsPdsc:256 - Board STM32H7B3I-EVAL: unknown feature type=Audio, name=, username=Multi-Channel Audio Codec (CS42L51-CNZ), n=1
2020-05-15 13:08:13,637 [WARN] DbBoardsPdsc:256 - Board STM32H7B3I-EVAL: unknown feature type=Meter, name=, username=Power-metering and Temperature-monitoring with sigma-delta modulators, n=1
2020-05-15 13:08:13,637 [WARN] DbBoardsPdsc:256 - Board STM32H7B3I-EVAL: unknown feature type=WIFI, name=, username=WIFI 802.11 a/b/g/n, n=1
2020-05-15 13:08:13,637 [WARN] DbBoardsPdsc:256 - Board STM32H7B3I-EVAL: unknown feature type=Motor, name=, username=Motor Control, n=1
2020-05-15 13:08:13,640 [WARN] DbBoardsPdsc:256 - Board STEVAL-IDP005V1: unknown feature type=PWRSock, name=Power Socket, username=IO-Link 4-position M12 A-coded connector, n=1
2020-05-15 13:08:13,640 [WARN] DbBoardsPdsc:256 - Board STEVAL-IDP005V2: unknown feature type=PWRSock, name=Power Socket, username=IO-Link 4-position M12 A-coded connector, n=1
2020-05-15 13:08:13,666 [INFO] DbBoardsJson:79 - JSON generation date=Tue Feb 11 14:53:55 CET 2020 (1581429235)
2020-05-15 13:08:13,680 [INFO] DbBoards:120 - Found 144 boards (140 are supported by CubeMX)
2020-05-15 13:08:13,691 [INFO] DbBoardsDocs:118 - JSON generation date=Thu Apr 30 13:50:56 CEST 2020 (1588247456)
2020-05-15 13:08:13,714 [INFO] DbBoardsDocs:57 - Found 157 boards documents
2020-05-15 13:08:13,716 [WARN] DbBoards:130 - board NUCLEO-H743ZI2 has no document id list !
2020-05-15 13:08:13,718 [WARN] DbBoards:130 - board NUCLEO-L4P5ZG has no document id list !
2020-05-15 13:08:13,720 [WARN] DbBoards:130 - board P-NUCLEO-WB55-Nucleo has no document id list !
2020-05-15 13:08:13,720 [WARN] DbBoards:130 - board P-NUCLEO-WB55-USBDongle has no document id list !
2020-05-15 13:08:13,721 [WARN] DbBoards:130 - board STM32F401C-DISCO has no document id list !
2020-05-15 13:08:13,722 [WARN] DbBoards:130 - board STM32F769I-DISC1 has no document id list !
2020-05-15 13:08:13,722 [WARN] DbBoards:152 - board STM32F723E-DISCO / document id not found: 4598
2020-05-15 13:08:13,724 [WARN] DbBoards:130 - board STM32L-DISCOVERY has no document id list !
2020-05-15 13:08:13,725 [WARN] DbBoards:152 - board STM32L496G-DISCO / document id not found: 4598
2020-05-15 13:08:13,726 [WARN] DbBoards:152 - board STM32H747I-DISCO / document id not found: 4598
2020-05-15 13:08:13,726 [WARN] DbBoards:130 - board STM32H747I-DISC1 has no document id list !
2020-05-15 13:08:13,727 [WARN] DbBoards:152 - board STM32H745I-DISCO / document id not found: 4598
2020-05-15 13:08:13,727 [WARN] DbBoards:152 - board STM32H750B-DK / document id not found: 4598
2020-05-15 13:08:13,727 [WARN] DbBoards:152 - board STM32H7B3I-DK / document id not found: 4598
2020-05-15 13:08:13,728 [WARN] DbBoards:152 - board STM32L4R9I-DISCO / document id not found: 4598
2020-05-15 13:08:13,728 [WARN] DbBoards:130 - board STM32MP157A-DK1 has no document id list !
2020-05-15 13:08:13,729 [WARN] DbBoards:152 - board STM32L562E-DK / document id not found: 4598
2020-05-15 13:08:13,729 [WARN] DbBoards:130 - board STM32L4P5G-DK has no document id list !
2020-05-15 13:08:13,729 [WARN] DbBoards:130 - board STM32091C-EVAL has no document id list !
2020-05-15 13:08:13,729 [WARN] DbBoards:130 - board STM3210C-EVAL has no document id list !
2020-05-15 13:08:13,729 [WARN] DbBoards:130 - board STM32100E-EVAL has no document id list !
2020-05-15 13:08:13,730 [WARN] DbBoards:130 - board STM3221G-EVAL has no document id list !
2020-05-15 13:08:13,730 [WARN] DbBoards:130 - board STM32303C-EVAL has no document id list !
2020-05-15 13:08:13,730 [WARN] DbBoards:130 - board STM32L152D-EVAL has no document id list !
2020-05-15 13:08:13,730 [WARN] DbBoards:130 - board STM32746G-EVAL2 has no document id list !
2020-05-15 13:08:13,731 [WARN] DbBoards:130 - board STM32F779I-EVAL has no document id list !
2020-05-15 13:08:13,731 [WARN] DbBoards:130 - board STM32479I-EVAL has no document id list !
2020-05-15 13:08:13,731 [WARN] DbBoards:130 - board STM32H743I-EVAL2 has no document id list !
2020-05-15 13:08:13,732 [WARN] DbBoards:152 - board STM32H7B3I-EVAL / document id not found: 4596
2020-05-15 13:08:13,732 [WARN] DbBoards:130 - board STM32H753I-EVAL2 has no document id list !
2020-05-15 13:08:13,733 [WARN] DbBoards:130 - board STM32G474E-EVAL1 has no document id list !
2020-05-15 13:08:13,733 [WARN] DbBoards:130 - board STEVAL-BFA001V1B has no document id list !
2020-05-15 13:08:13,734 [WARN] DbBoards:130 - board STEVAL-BFA001V2B has no document id list !
2020-05-15 13:08:13,734 [WARN] DbBoards:130 - board STEVAL-MKSBOX1V1 has no document id list !
2020-05-15 13:08:13,734 [WARN] DbBoards:130 - board STEVAL-STWINKT1 has no document id list !
2020-05-15 13:08:13,734 [WARN] DbBoards:130 - board STEVAL-IDP005V1 has no document id list !
2020-05-15 13:08:13,734 [WARN] DbBoards:130 - board STEVAL-IDP005V2 has no document id list !
2020-05-15 13:08:14,535 [ERROR] DbBoards:192 - Image file not found for board P-NUCLEO-WB55: C:\ST\STM32CubeIDE_1.2.0\STM32CubeIDE\plugins\com.st.stm32cube.common.mx_5.5.0.201912201511\\db\/plugins/mcufinder/images/boards/p-nucleo-wb55_small.jpg
2020-05-15 13:08:17,207 [INFO] ApiDb:158 - Load user favorites file C:\Users\MohaNeha/.stm32cubeide/favorites.boards.txt: 0 item(s)
2020-05-15 13:08:17,208 [INFO] ApiDb:163 - User favorites Boards=[]
2020-05-15 13:08:17,208 [INFO] DbBoards:209 - Set 0 / 0 favorites Boards
2020-05-15 13:08:17,226 [INFO] DbBoardsDocs:57 - Found 314 boards documents
2020-05-15 13:08:17,228 [INFO] ApiDb:186 - Save user favorites file C:\Users\MohaNeha/.stm32cubeide/favorites.boards.txt: 0 item(s)
2020-05-15 13:08:17,228 [INFO] ApiDb:191 - User favorites Boards=[]
2020-05-15 13:08:17,234 [INFO] DbBoardsPdsc:92 - Found 21 items
2020-05-15 13:08:17,238 [INFO] DbBoardsPdsc:92 - Found 9 items
2020-05-15 13:08:17,245 [INFO] DbBoardsPdsc:92 - Found 27 items
2020-05-15 13:08:17,249 [INFO] DbBoardsPdsc:92 - Found 1 items
2020-05-15 13:08:17,258 [INFO] DbBoardsPdsc:92 - Found 40 items
2020-05-15 13:08:17,270 [INFO] DbBoardsPdsc:92 - Found 39 items
2020-05-15 13:08:17,273 [INFO] DbBoardsPdsc:92 - Found 2 items
2020-05-15 13:08:17,278 [INFO] DbBoardsPdsc:92 - Found 4 items
2020-05-15 13:08:17,340 [WARN] DbBoardsPdsc:256 - Board STM32H7B3I-DK: unknown feature type=Audio, name=, username=Audio stereo codec with Headphone Amp (CS42L51-CNZ), n=1
2020-05-15 13:08:17,341 [WARN] DbBoardsPdsc:256 - Board STM32H7B3I-DK: unknown feature type=WIFI, name=, username=WIFI 802.11 b/g/n, n=1
2020-05-15 13:08:17,352 [WARN] DbBoardsPdsc:256 - Board STM32H7B3I-EVAL: unknown feature type=Audio, name=, username=Multi-Channel Audio Codec (CS42L51-CNZ), n=1
2020-05-15 13:08:17,352 [WARN] DbBoardsPdsc:256 - Board STM32H7B3I-EVAL: unknown feature type=Meter, name=, username=Power-metering and Temperature-monitoring with sigma-delta modulators, n=1
2020-05-15 13:08:17,352 [WARN] DbBoardsPdsc:256 - Board STM32H7B3I-EVAL: unknown feature type=WIFI, name=, username=WIFI 802.11 a/b/g/n, n=1
2020-05-15 13:08:17,352 [WARN] DbBoardsPdsc:256 - Board STM32H7B3I-EVAL: unknown feature type=Motor, name=, username=Motor Control, n=1
2020-05-15 13:08:17,356 [WARN] DbBoardsPdsc:256 - Board STEVAL-IDP005V1: unknown feature type=PWRSock, name=Power Socket, username=IO-Link 4-position M12 A-coded connector, n=1
2020-05-15 13:08:17,358 [WARN] DbBoardsPdsc:256 - Board STEVAL-IDP005V2: unknown feature type=PWRSock, name=Power Socket, username=IO-Link 4-position M12 A-coded connector, n=1
2020-05-15 13:08:17,385 [INFO] DbBoardsJson:79 - JSON generation date=Tue Feb 11 14:53:55 CET 2020 (1581429235)
2020-05-15 13:08:17,398 [INFO] DbBoards:120 - Found 144 boards (140 are supported by CubeMX)
2020-05-15 13:08:17,401 [WARN] DbBoards:130 - board NUCLEO-H743ZI2 has no document id list !
2020-05-15 13:08:17,402 [WARN] DbBoards:130 - board NUCLEO-L4P5ZG has no document id list !
2020-05-15 13:08:17,404 [WARN] DbBoards:130 - board P-NUCLEO-WB55-Nucleo has no document id list !
2020-05-15 13:08:17,404 [WARN] DbBoards:130 - board P-NUCLEO-WB55-USBDongle has no document id list !
2020-05-15 13:08:17,405 [WARN] DbBoards:130 - board STM32F401C-DISCO has no document id list !
2020-05-15 13:08:17,406 [WARN] DbBoards:130 - board STM32F769I-DISC1 has no document id list !
2020-05-15 13:08:17,407 [WARN] DbBoards:152 - board STM32F723E-DISCO / document id not found: 4598
2020-05-15 13:08:17,408 [WARN] DbBoards:130 - board STM32L-DISCOVERY has no document id list !
2020-05-15 13:08:17,409 [WARN] DbBoards:152 - board STM32L496G-DISCO / document id not found: 4598
2020-05-15 13:08:17,410 [WARN] DbBoards:152 - board STM32H747I-DISCO / document id not found: 4598
2020-05-15 13:08:17,410 [WARN] DbBoards:130 - board STM32H747I-DISC1 has no document id list !
2020-05-15 13:08:17,411 [WARN] DbBoards:152 - board STM32H745I-DISCO / document id not found: 4598
2020-05-15 13:08:17,411 [WARN] DbBoards:152 - board STM32H750B-DK / document id not found: 4598
2020-05-15 13:08:17,411 [WARN] DbBoards:152 - board STM32H7B3I-DK / document id not found: 4598
2020-05-15 13:08:17,412 [WARN] DbBoards:152 - board STM32L4R9I-DISCO / document id not found: 4598
2020-05-15 13:08:17,412 [WARN] DbBoards:130 - board STM32MP157A-DK1 has no document id list !
2020-05-15 13:08:17,413 [WARN] DbBoards:152 - board STM32L562E-DK / document id not found: 4598
2020-05-15 13:08:17,413 [WARN] DbBoards:130 - board STM32L4P5G-DK has no document id list !
2020-05-15 13:08:17,413 [WARN] DbBoards:130 - board STM32091C-EVAL has no document id list !
2020-05-15 13:08:17,413 [WARN] DbBoards:130 - board STM3210C-EVAL has no document id list !
2020-05-15 13:08:17,414 [WARN] DbBoards:130 - board STM32100E-EVAL has no document id list !
2020-05-15 13:08:17,414 [WARN] DbBoards:130 - board STM3221G-EVAL has no document id list !
2020-05-15 13:08:17,414 [WARN] DbBoards:130 - board STM32303C-EVAL has no document id list !
2020-05-15 13:08:17,414 [WARN] DbBoards:130 - board STM32L152D-EVAL has no document id list !
2020-05-15 13:08:17,415 [WARN] DbBoards:130 - board STM32746G-EVAL2 has no document id list !
2020-05-15 13:08:17,415 [WARN] DbBoards:130 - board STM32F779I-EVAL has no document id list !
2020-05-15 13:08:17,415 [WARN] DbBoards:130 - board STM32479I-EVAL has no document id list !
2020-05-15 13:08:17,416 [WARN] DbBoards:130 - board STM32H743I-EVAL2 has no document id list !
2020-05-15 13:08:17,416 [WARN] DbBoards:152 - board STM32H7B3I-EVAL / document id not found: 4596
2020-05-15 13:08:17,417 [WARN] DbBoards:130 - board STM32H753I-EVAL2 has no document id list !
2020-05-15 13:08:17,417 [WARN] DbBoards:130 - board STM32G474E-EVAL1 has no document id list !
2020-05-15 13:08:17,417 [WARN] DbBoards:130 - board STEVAL-BFA001V1B has no document id list !
2020-05-15 13:08:17,417 [WARN] DbBoards:130 - board STEVAL-BFA001V2B has no document id list !
2020-05-15 13:08:17,417 [WARN] DbBoards:130 - board STEVAL-MKSBOX1V1 has no document id list !
2020-05-15 13:08:17,418 [WARN] DbBoards:130 - board STEVAL-STWINKT1 has no document id list !
2020-05-15 13:08:17,418 [WARN] DbBoards:130 - board STEVAL-IDP005V1 has no document id list !
2020-05-15 13:08:17,418 [WARN] DbBoards:130 - board STEVAL-IDP005V2 has no document id list !
2020-05-15 13:08:17,909 [ERROR] DbBoards:192 - Image file not found for board P-NUCLEO-WB55: C:\ST\STM32CubeIDE_1.2.0\STM32CubeIDE\plugins\com.st.stm32cube.common.mx_5.5.0.201912201511\\db\/plugins/mcufinder/images/boards/p-nucleo-wb55_small.jpg
2020-05-15 13:08:18,932 [INFO] ApiDb:158 - Load user favorites file C:\Users\MohaNeha/.stm32cubeide/favorites.boards.txt: 0 item(s)
2020-05-15 13:08:18,932 [INFO] ApiDb:163 - User favorites Boards=[]
2020-05-15 13:08:18,932 [INFO] DbBoards:209 - Set 0 / 0 favorites Boards
2020-05-15 13:08:19,260 [INFO] LoadUrlFilesThread:161 - End of LoadServerUrlFiles without Thread
2020-05-15 13:08:19,277 [INFO] McuFilterPanel:282 - Update 0 favorites MCUs
2020-05-15 13:08:19,732 [INFO] LoadUrlFilesThread:161 - End of LoadServerUrlFiles without Thread
2020-05-15 13:08:19,732 [INFO] BoardDetailPanel:179 - Set advertising image to C:/Users/MohaNeha/STM32Cube/Repository/\PR_STM32Cube_GitHub_0320_V1.png
2020-05-15 13:08:19,804 [INFO] BoardFilterPanel:211 - Update 0 favorites Boards
2020-05-15 13:08:20,108 [INFO] CrossSelectorPresenter:1319 - Cross Selector saved comparison directory: C:\Users\MohaNeha\.stmcufinder\plugins\mcufinder\mcu\cs_comparisons_mx
2020-05-15 13:09:50,321 [INFO] LogOutputStream:76 - [STDOUT_REDIRECT] withoutVersionV1.24.2
2020-05-15 13:09:50,321 [INFO] LogOutputStream:76 - [STDOUT_REDIRECT] withoutVersionV1.24.1
2020-05-15 13:09:50,322 [INFO] LogOutputStream:76 - [STDOUT_REDIRECT] withoutVersionV1.24.0
2020-05-16 23:41:04,685 [INFO] Activator:176 - 


2020-05-16 23:41:04,701 [INFO] Activator:177 - !SESSION log4j initialized
2020-05-19 19:52:58,951 [INFO] Activator:176 - 


2020-05-19 19:52:58,968 [INFO] Activator:177 - !SESSION log4j initialized
2020-05-23 00:55:48,687 [INFO] Activator:176 - 


2020-05-23 00:55:48,698 [INFO] Activator:177 - !SESSION log4j initialized
